<?xml version="1.0" encoding="UTF-8"?>
<testng-results ignored="0" total="4" passed="3" failed="1" skipped="0">
  <reporter-output>
  </reporter-output>
  <suite started-at="2022-08-05T17:45:59 IST" name="Default suite" finished-at="2022-08-05T17:46:19 IST" duration-ms="20203">
    <groups>
    </groups>
    <test started-at="2022-08-05T17:45:59 IST" name="Default test" finished-at="2022-08-05T17:46:19 IST" duration-ms="20203">
      <class name="Test.Zerodaloginpagetest">
        <test-method is-config="true" signature="browser()[pri:0, instance:Test.Zerodaloginpagetest@7fa98a66]" started-at="2022-08-05T17:45:59 IST" name="browser" finished-at="2022-08-05T17:46:08 IST" duration-ms="8786" status="PASS">
          <reporter-output>
          </reporter-output>
        </test-method> <!-- browser -->
        <test-method signature="loginwithforgotpasswordtest()[pri:0, instance:Test.Zerodaloginpagetest@7fa98a66]" started-at="2022-08-05T17:46:08 IST" name="loginwithforgotpasswordtest" finished-at="2022-08-05T17:46:08 IST" duration-ms="236" status="PASS">
          <reporter-output>
          </reporter-output>
        </test-method> <!-- loginwithforgotpasswordtest -->
        <test-method is-config="true" signature="browser()[pri:0, instance:Test.Zerodaloginpagetest@7fa98a66]" started-at="2022-08-05T17:46:08 IST" name="browser" finished-at="2022-08-05T17:46:11 IST" duration-ms="2972" status="PASS">
          <reporter-output>
          </reporter-output>
        </test-method> <!-- browser -->
        <test-method signature="loginwithoutcredentials()[pri:0, instance:Test.Zerodaloginpagetest@7fa98a66]" started-at="2022-08-05T17:46:11 IST" name="loginwithoutcredentials" finished-at="2022-08-05T17:46:11 IST" duration-ms="227" status="FAIL">
          <exception class="java.lang.AssertionError">
            <message>
              <![CDATA[expected [User ID should be minimum ] but found [User ID should be minimum 6 characters.]]]>
            </message>
            <full-stacktrace>
              <![CDATA[java.lang.AssertionError: expected [User ID should be minimum ] but found [User ID should be minimum 6 characters.]
at org.testng.Assert.fail(Assert.java:99)
at org.testng.Assert.failNotEquals(Assert.java:1037)
at org.testng.Assert.assertEqualsImpl(Assert.java:140)
at org.testng.Assert.assertEquals(Assert.java:122)
at org.testng.Assert.assertEquals(Assert.java:629)
at org.testng.Assert.assertEquals(Assert.java:639)
at Test.Zerodaloginpagetest.loginwithoutcredentials(Zerodaloginpagetest.java:45)
at java.base/jdk.internal.reflect.NativeMethodAccessorImpl.invoke0(Native Method)
at java.base/jdk.internal.reflect.NativeMethodAccessorImpl.invoke(NativeMethodAccessorImpl.java:77)
at java.base/jdk.internal.reflect.DelegatingMethodAccessorImpl.invoke(DelegatingMethodAccessorImpl.java:43)
at java.base/java.lang.reflect.Method.invoke(Method.java:568)
at org.testng.internal.MethodInvocationHelper.invokeMethod(MethodInvocationHelper.java:133)
at org.testng.internal.TestInvoker.invokeMethod(TestInvoker.java:598)
at org.testng.internal.TestInvoker.invokeTestMethod(TestInvoker.java:173)
at org.testng.internal.MethodRunner.runInSequence(MethodRunner.java:46)
at org.testng.internal.TestInvoker$MethodInvocationAgent.invoke(TestInvoker.java:824)
at org.testng.internal.TestInvoker.invokeTestMethods(TestInvoker.java:146)
at org.testng.internal.TestMethodWorker.invokeTestMethods(TestMethodWorker.java:146)
at org.testng.internal.TestMethodWorker.run(TestMethodWorker.java:128)
at java.base/java.util.ArrayList.forEach(ArrayList.java:1511)
at org.testng.TestRunner.privateRun(TestRunner.java:794)
at org.testng.TestRunner.run(TestRunner.java:596)
at org.testng.SuiteRunner.runTest(SuiteRunner.java:377)
at org.testng.SuiteRunner.runSequentially(SuiteRunner.java:371)
at org.testng.SuiteRunner.privateRun(SuiteRunner.java:332)
at org.testng.SuiteRunner.run(SuiteRunner.java:276)
at org.testng.SuiteRunnerWorker.runSuite(SuiteRunnerWorker.java:53)
at org.testng.SuiteRunnerWorker.run(SuiteRunnerWorker.java:96)
at org.testng.TestNG.runSuitesSequentially(TestNG.java:1212)
at org.testng.TestNG.runSuitesLocally(TestNG.java:1134)
at org.testng.TestNG.runSuites(TestNG.java:1063)
at org.testng.TestNG.run(TestNG.java:1031)
at org.testng.remote.AbstractRemoteTestNG.run(AbstractRemoteTestNG.java:115)
at org.testng.remote.RemoteTestNG.initAndRun(RemoteTestNG.java:251)
at org.testng.remote.RemoteTestNG.main(RemoteTestNG.java:77)
]]>
            </full-stacktrace>
          </exception> <!-- java.lang.AssertionError -->
          <reporter-output>
          </reporter-output>
        </test-method> <!-- loginwithoutcredentials -->
        <test-method is-config="true" signature="browser()[pri:0, instance:Test.Zerodaloginpagetest@7fa98a66]" started-at="2022-08-05T17:46:12 IST" name="browser" finished-at="2022-08-05T17:46:14 IST" duration-ms="2778" status="PASS">
          <reporter-output>
          </reporter-output>
        </test-method> <!-- browser -->
        <test-method signature="loginwithsignuptest()[pri:0, instance:Test.Zerodaloginpagetest@7fa98a66]" started-at="2022-08-05T17:46:14 IST" name="loginwithsignuptest" finished-at="2022-08-05T17:46:15 IST" duration-ms="190" status="PASS">
          <reporter-output>
          </reporter-output>
        </test-method> <!-- loginwithsignuptest -->
        <test-method is-config="true" signature="browser()[pri:0, instance:Test.Zerodaloginpagetest@7fa98a66]" started-at="2022-08-05T17:46:15 IST" name="browser" finished-at="2022-08-05T17:46:17 IST" duration-ms="2800" status="PASS">
          <reporter-output>
          </reporter-output>
        </test-method> <!-- browser -->
        <test-method signature="loginwithvalidcredentialstest()[pri:0, instance:Test.Zerodaloginpagetest@7fa98a66]" started-at="2022-08-05T17:46:17 IST" name="loginwithvalidcredentialstest" finished-at="2022-08-05T17:46:19 IST" duration-ms="1869" status="PASS">
          <reporter-output>
          </reporter-output>
        </test-method> <!-- loginwithvalidcredentialstest -->
      </class> <!-- Test.Zerodaloginpagetest -->
    </test> <!-- Default test -->
  </suite> <!-- Default suite -->
</testng-results>
